1779804890.885017 client started (310178): version 3.6b, socket /tmp/tmux-1000/default, protocol 8
1779804890.885031 on Linux 6.18.32-2-lts #1 SMP PREEMPT_DYNAMIC Thu, 21 May 2026 16:03:32 +0000
1779804890.885036 using libevent 2.1.12-stable poll
1779804890.885038 using ncurses 6.6 20251230
1779804890.885045 flags are 0x10010000
1779804890.885050 socket is /tmp/tmux-1000/default
1779804890.885057 trying connect
1779804890.885070 add peer 0x5565a7160670: 6 ((nil))
1779804890.885096 sending message 111 to peer 0x5565a7160670 (8 bytes)
1779804890.885099 sending message 111 to peer 0x5565a7160670 (8 bytes)
1779804890.885100 sending message 101 to peer 0x5565a7160670 (14 bytes)
1779804890.885102 sending message 109 to peer 0x5565a7160670 (4 bytes)
1779804890.885103 sending message 102 to peer 0x5565a7160670 (1 bytes)
1779804890.885105 sending message 108 to peer 0x5565a7160670 (24 bytes)
1779804890.885107 sending message 104 to peer 0x5565a7160670 (0 bytes)
1779804890.885108 sending message 110 to peer 0x5565a7160670 (0 bytes)
1779804890.885110 sending message 107 to peer 0x5565a7160670 (4 bytes)
1779804890.885112 sending message 105 to peer 0x5565a7160670 (16 bytes)
1779804890.885113 sending message 105 to peer 0x5565a7160670 (20 bytes)
1779804890.885114 sending message 105 to peer 0x5565a7160670 (21 bytes)
1779804890.885116 sending message 105 to peer 0x5565a7160670 (38 bytes)
1779804890.885117 sending message 105 to peer 0x5565a7160670 (26 bytes)
1779804890.885119 sending message 105 to peer 0x5565a7160670 (20 bytes)
1779804890.885121 sending message 105 to peer 0x5565a7160670 (37 bytes)
1779804890.885122 sending message 105 to peer 0x5565a7160670 (19 bytes)
1779804890.885123 sending message 105 to peer 0x5565a7160670 (51 bytes)
1779804890.885125 sending message 105 to peer 0x5565a7160670 (58 bytes)
1779804890.885126 sending message 105 to peer 0x5565a7160670 (64 bytes)
1779804890.885128 sending message 105 to peer 0x5565a7160670 (17 bytes)
1779804890.885129 sending message 105 to peer 0x5565a7160670 (16 bytes)
1779804890.885131 sending message 105 to peer 0x5565a7160670 (12 bytes)
1779804890.885132 sending message 105 to peer 0x5565a7160670 (15 bytes)
1779804890.885134 sending message 105 to peer 0x5565a7160670 (28 bytes)
1779804890.885135 sending message 105 to peer 0x5565a7160670 (13 bytes)
1779804890.885137 sending message 105 to peer 0x5565a7160670 (29 bytes)
1779804890.885138 sending message 105 to peer 0x5565a7160670 (27 bytes)
1779804890.885140 sending message 105 to peer 0x5565a7160670 (25 bytes)
1779804890.885141 sending message 105 to peer 0x5565a7160670 (21 bytes)
1779804890.885143 sending message 105 to peer 0x5565a7160670 (60 bytes)
1779804890.885144 sending message 105 to peer 0x5565a7160670 (15 bytes)
1779804890.885146 sending message 105 to peer 0x5565a7160670 (16 bytes)
1779804890.885147 sending message 105 to peer 0x5565a7160670 (17 bytes)
1779804890.885148 sending message 105 to peer 0x5565a7160670 (30 bytes)
1779804890.885150 sending message 105 to peer 0x5565a7160670 (29 bytes)
1779804890.885151 sending message 105 to peer 0x5565a7160670 (20 bytes)
1779804890.885153 sending message 105 to peer 0x5565a7160670 (98 bytes)
1779804890.885154 sending message 105 to peer 0x5565a7160670 (20 bytes)
1779804890.885156 sending message 105 to peer 0x5565a7160670 (26 bytes)
1779804890.885157 sending message 105 to peer 0x5565a7160670 (18 bytes)
1779804890.885158 sending message 105 to peer 0x5565a7160670 (47 bytes)
1779804890.885160 sending message 105 to peer 0x5565a7160670 (38 bytes)
1779804890.885161 sending message 105 to peer 0x5565a7160670 (24 bytes)
1779804890.885163 sending message 105 to peer 0x5565a7160670 (31 bytes)
1779804890.885164 sending message 105 to peer 0x5565a7160670 (23 bytes)
1779804890.885166 sending message 105 to peer 0x5565a7160670 (33 bytes)
1779804890.885167 sending message 105 to peer 0x5565a7160670 (19 bytes)
1779804890.885169 sending message 105 to peer 0x5565a7160670 (10 bytes)
1779804890.885170 sending message 105 to peer 0x5565a7160670 (13 bytes)
1779804890.885172 sending message 105 to peer 0x5565a7160670 (90 bytes)
1779804890.885176 sending message 105 to peer 0x5565a7160670 (12 bytes)
1779804890.885179 sending message 105 to peer 0x5565a7160670 (11 bytes)
1779804890.885180 sending message 105 to peer 0x5565a7160670 (17 bytes)
1779804890.885182 sending message 105 to peer 0x5565a7160670 (8 bytes)
1779804890.885183 sending message 105 to peer 0x5565a7160670 (21 bytes)
1779804890.885185 sending message 105 to peer 0x5565a7160670 (11 bytes)
1779804890.885186 sending message 105 to peer 0x5565a7160670 (18 bytes)
1779804890.885188 sending message 105 to peer 0x5565a7160670 (31 bytes)
1779804890.885189 sending message 105 to peer 0x5565a7160670 (37 bytes)
1779804890.885191 sending message 105 to peer 0x5565a7160670 (50 bytes)
1779804890.885192 sending message 105 to peer 0x5565a7160670 (121 bytes)
1779804890.885195 sending message 105 to peer 0x5565a7160670 (54 bytes)
1779804890.885196 sending message 105 to peer 0x5565a7160670 (26 bytes)
1779804890.885198 sending message 105 to peer 0x5565a7160670 (15 bytes)
1779804890.885199 sending message 105 to peer 0x5565a7160670 (38 bytes)
1779804890.885201 sending message 105 to peer 0x5565a7160670 (18 bytes)
1779804890.885202 sending message 105 to peer 0x5565a7160670 (19 bytes)
1779804890.885204 sending message 105 to peer 0x5565a7160670 (18 bytes)
1779804890.885205 sending message 105 to peer 0x5565a7160670 (16 bytes)
1779804890.885207 sending message 106 to peer 0x5565a7160670 (0 bytes)
1779804890.885222 cmd_pack_argv: argv[0]=new
1779804890.885223 cmd_pack_argv: argv[1]=-d
1779804890.885225 sending message 200 to peer 0x5565a7160670 (11 bytes)
1779804890.885226 client loop enter
1779804890.887595 peer 0x5565a7160670 message 203
1779804890.887605 client loop exit
